<?xml version="1.0" encoding="utf-8"?>
<TestRun id="db4b12ad-3234-4a91-941f-eab0f0464062" name="Zach@ZACH-DESKTOP 2024-10-10 22:26:25" runUser="ZACH-DESKTOP\Zach" xmlns="http://microsoft.com/schemas/VisualStudio/TeamTest/2010">
  <Times creation="2024-10-10T22:26:25.2761472+02:00" queuing="2024-10-10T22:26:25.2761475+02:00" start="2024-10-10T22:26:24.7537637+02:00" finish="2024-10-10T22:26:25.2766010+02:00" />
  <TestSettings name="default" id="1200b591-f937-483c-89ed-3032d9e93a16">
    <Deployment runDeploymentRoot="Zach_ZACH-DESKTOP_2024-10-10_22_26_25" />
  </TestSettings>
  <TestLists>
    <TestList name="Results Not in a List" id="8c84fa94-04c1-424b-9868-57a2d4851a1d" />
    <TestList name="All Loaded Results" id="19431567-8539-422a-85d7-44ee4e166bda" />
  </TestLists>
  <ResultSummary outcome="Completed">
    <Counters total="0" executed="0" passed="0" failed="0" error="0" timeout="0" aborted="0" inconclusive="0" passedButRunAborted="0" notRunnable="0" notExecuted="0" disconnected="0" warning="0" completed="0" inProgress="0" pending="0" />
    <RunInfos>
      <RunInfo computerName="ZACH-DESKTOP" outcome="Warning" timestamp="2024-10-10T22:26:25.2072798+02:00">
        <Text>No test is available in C:\Projects\ParameterNameAnalyzer\ParameterNameAnalyzer\ParameterNameAnalyzer\ParameterNameAnalyzer.Test\bin\Debug\net8.0\ParameterNameAnalyzer.Test.dll. Make sure that test discoverer &amp; executors are registered and platform &amp; framework version settings are appropriate and try again.</Text>
      </RunInfo>
    </RunInfos>
  </ResultSummary>
</TestRun>