<?xml version="1.0" encoding="utf-8"?>
<TestRun id="e59e4979-1580-4e23-849e-f8449506b052" name="Zachary.Christophers@RRT01333 2024-10-11 08:23:18" runUser="RAGINGRIVER\Zachary.Christophers" xmlns="http://microsoft.com/schemas/VisualStudio/TeamTest/2010">
  <Times creation="2024-10-11T08:23:18.9104179+02:00" queuing="2024-10-11T08:23:18.9104183+02:00" start="2024-10-11T08:23:08.9866828+02:00" finish="2024-10-11T08:23:19.2430218+02:00" />
  <TestSettings name="default" id="563b90b6-341a-49e7-8eec-3e81923ea746">
    <Deployment runDeploymentRoot="Zachary.Christophers_RRT01333_2024-10-11_08_23_18" />
  </TestSettings>
  <Results>
    <UnitTestResult executionId="6a6541c5-7c52-49d9-b6b9-6fc233d75bb7" testId="13a9dc4f-4cb4-5aad-87f5-8b090e7c3c07" testName="ParameterNameAnalyzer.Test.ParameterNameAnalyzerTests.NoDiagnosticWhenDefaultParametersAreUsed" computerName="RRT01333" duration="00:00:00.0155692" startTime="2024-10-11T08:23:18.9954960+02:00" endTime="2024-10-11T08:23:18.9954962+02:00" testType="13cdc9d9-ddb5-4fa4-a97d-d965ccfc6d4b" outcome="Passed" testListId="8c84fa94-04c1-424b-9868-57a2d4851a1d" relativeResultsDirectory="6a6541c5-7c52-49d9-b6b9-6fc233d75bb7" />
    <UnitTestResult executionId="7847f8d5-dda0-459e-9979-ff7c1eec4575" testId="46170fb5-f51b-3932-3fd9-84052d9f02c0" testName="ParameterNameAnalyzer.Test.ParameterNameAnalyzerTests.NoDiagnosticForGenericMethodWithNamedParameters" computerName="RRT01333" duration="00:00:00.0398297" startTime="2024-10-11T08:23:18.9311956+02:00" endTime="2024-10-11T08:23:18.9311958+02:00" testType="13cdc9d9-ddb5-4fa4-a97d-d965ccfc6d4b" outcome="Passed" testListId="8c84fa94-04c1-424b-9868-57a2d4851a1d" relativeResultsDirectory="7847f8d5-dda0-459e-9979-ff7c1eec4575" />
    <UnitTestResult executionId="b830477d-60a1-4775-857c-2296954a9dfb" testId="06e4afab-9c6b-9650-ec87-7bdb70f8f2aa" testName="ParameterNameAnalyzer.Test.ParameterNameAnalyzerTests.TestAnalyzerForOverloadedMethods" computerName="RRT01333" duration="00:00:06.9745738" startTime="2024-10-11T08:23:18.8902724+02:00" endTime="2024-10-11T08:23:18.8902846+02:00" testType="13cdc9d9-ddb5-4fa4-a97d-d965ccfc6d4b" outcome="Passed" testListId="8c84fa94-04c1-424b-9868-57a2d4851a1d" relativeResultsDirectory="b830477d-60a1-4775-857c-2296954a9dfb" />
    <UnitTestResult executionId="064df166-2adf-4400-b0cd-c0eb89516352" testId="535d6695-15fe-39d3-09ea-0decd3753f5f" testName="ParameterNameAnalyzer.Test.ParameterNameAnalyzerTests.DiagnosticForConstructorCallsWithMissingParameterNames" computerName="RRT01333" duration="00:00:00.0475678" startTime="2024-10-11T08:23:18.9793236+02:00" endTime="2024-10-11T08:23:18.9793236+02:00" testType="13cdc9d9-ddb5-4fa4-a97d-d965ccfc6d4b" outcome="Passed" testListId="8c84fa94-04c1-424b-9868-57a2d4851a1d" relativeResultsDirectory="064df166-2adf-4400-b0cd-c0eb89516352" />
    <UnitTestResult executionId="0e38b06f-c6f2-411c-a5a2-a7dcf371da00" testId="0f7ecd2b-f5ef-cd98-ad71-72e18c65ef76" testName="ParameterNameAnalyzer.Test.ParameterNameAnalyzerTests.DiagnosticRaisedWhenParameterNamesAreMissing" computerName="RRT01333" duration="00:00:00.0125678" startTime="2024-10-11T08:23:19.1766928+02:00" endTime="2024-10-11T08:23:19.1766929+02:00" testType="13cdc9d9-ddb5-4fa4-a97d-d965ccfc6d4b" outcome="Passed" testListId="8c84fa94-04c1-424b-9868-57a2d4851a1d" relativeResultsDirectory="0e38b06f-c6f2-411c-a5a2-a7dcf371da00" />
    <UnitTestResult executionId="d04b8ba4-b795-4d6e-8670-8fd9a6630038" testId="9628ad9b-ad21-39d3-03a4-56f30d1a7967" testName="ParameterNameAnalyzer.Test.ParameterNameAnalyzerTests.DiagnosticForMultipleArgumentsWithoutParameterNames" computerName="RRT01333" duration="00:00:00.0129386" startTime="2024-10-11T08:23:19.1901629+02:00" endTime="2024-10-11T08:23:19.1901632+02:00" testType="13cdc9d9-ddb5-4fa4-a97d-d965ccfc6d4b" outcome="Passed" testListId="8c84fa94-04c1-424b-9868-57a2d4851a1d" relativeResultsDirectory="d04b8ba4-b795-4d6e-8670-8fd9a6630038" />
    <UnitTestResult executionId="2b7f3ea9-5428-4747-b622-1bfbaf6313dc" testId="74aa2b30-ca40-242a-e82c-a8de35eb70cd" testName="ParameterNameAnalyzer.Test.ParameterNameAnalyzerTests.NoDiagnosticWhenParameterNamesAreExplicit" computerName="RRT01333" duration="00:00:00.0072937" startTime="2024-10-11T08:23:19.0033375+02:00" endTime="2024-10-11T08:23:19.0033377+02:00" testType="13cdc9d9-ddb5-4fa4-a97d-d965ccfc6d4b" outcome="Passed" testListId="8c84fa94-04c1-424b-9868-57a2d4851a1d" relativeResultsDirectory="2b7f3ea9-5428-4747-b622-1bfbaf6313dc" />
    <UnitTestResult executionId="d7861e1a-a7a0-4d51-a18e-65f864975e95" testId="b49604ff-76f9-1203-42cb-f198d2ae157d" testName="ParameterNameAnalyzer.Test.ParameterNameAnalyzerTests.DiagnosticForMixedNamedAndPositionalArguments" computerName="RRT01333" duration="00:00:00.0127510" startTime="2024-10-11T08:23:19.0356357+02:00" endTime="2024-10-11T08:23:19.0356357+02:00" testType="13cdc9d9-ddb5-4fa4-a97d-d965ccfc6d4b" outcome="Passed" testListId="8c84fa94-04c1-424b-9868-57a2d4851a1d" relativeResultsDirectory="d7861e1a-a7a0-4d51-a18e-65f864975e95" />
    <UnitTestResult executionId="97e11e31-a824-48a4-a238-eb3ded6f50d8" testId="f9d4c831-bf50-4816-3b05-5e028fa65c1b" testName="ParameterNameAnalyzer.Test.ParameterNameAnalyzerTests.NoDiagnosticForOptionalParameters" computerName="RRT01333" duration="00:00:00.0161089" startTime="2024-10-11T08:23:19.0785640+02:00" endTime="2024-10-11T08:23:19.0785642+02:00" testType="13cdc9d9-ddb5-4fa4-a97d-d965ccfc6d4b" outcome="Passed" testListId="8c84fa94-04c1-424b-9868-57a2d4851a1d" relativeResultsDirectory="97e11e31-a824-48a4-a238-eb3ded6f50d8" />
    <UnitTestResult executionId="93a7ad5c-9263-4e23-be9b-8ae9cb7260f9" testId="cdc95ffb-0500-1932-cb00-e12f8606e294" testName="ParameterNameAnalyzer.Test.ParameterNameAnalyzerTests.TestGeneral" computerName="RRT01333" duration="00:00:00.0847178" startTime="2024-10-11T08:23:19.1635689+02:00" endTime="2024-10-11T08:23:19.1635692+02:00" testType="13cdc9d9-ddb5-4fa4-a97d-d965ccfc6d4b" outcome="Passed" testListId="8c84fa94-04c1-424b-9868-57a2d4851a1d" relativeResultsDirectory="93a7ad5c-9263-4e23-be9b-8ae9cb7260f9" />
    <UnitTestResult executionId="dcafb004-abc7-421d-9c40-4b67e1be3738" testId="d7f8b161-fd9d-73a5-9b9e-37021f6d6505" testName="ParameterNameAnalyzer.Test.ParameterNameAnalyzerTests.NoDiagnosticWhenAllParameterNamesArePresent" computerName="RRT01333" duration="00:00:00.0070524" startTime="2024-10-11T08:23:19.0434727+02:00" endTime="2024-10-11T08:23:19.0434729+02:00" testType="13cdc9d9-ddb5-4fa4-a97d-d965ccfc6d4b" outcome="Passed" testListId="8c84fa94-04c1-424b-9868-57a2d4851a1d" relativeResultsDirectory="dcafb004-abc7-421d-9c40-4b67e1be3738" />
    <UnitTestResult executionId="3211ce3e-d8af-4a1d-9531-999984c3deeb" testId="764e4542-1948-a8a6-4db8-f6d502f62eee" testName="ParameterNameAnalyzer.Test.ParameterNameAnalyzerTests.NoDiagnosticForExtensionMethodThisParameter" computerName="RRT01333" duration="00:00:00.0174502" startTime="2024-10-11T08:23:19.0618236+02:00" endTime="2024-10-11T08:23:19.0618250+02:00" testType="13cdc9d9-ddb5-4fa4-a97d-d965ccfc6d4b" outcome="Passed" testListId="8c84fa94-04c1-424b-9868-57a2d4851a1d" relativeResultsDirectory="3211ce3e-d8af-4a1d-9531-999984c3deeb" />
    <UnitTestResult executionId="edcbb0bc-4ccf-4ba7-bf9c-45b18079642b" testId="cd18f0be-c28e-2df5-e790-6aa645565a52" testName="ParameterNameAnalyzer.Test.ParameterNameAnalyzerTests.DiagnosticForChainedMethodCallsWithoutParameterNames" computerName="RRT01333" duration="00:00:00.0185992" startTime="2024-10-11T08:23:19.0224544+02:00" endTime="2024-10-11T08:23:19.0224546+02:00" testType="13cdc9d9-ddb5-4fa4-a97d-d965ccfc6d4b" outcome="Passed" testListId="8c84fa94-04c1-424b-9868-57a2d4851a1d" relativeResultsDirectory="edcbb0bc-4ccf-4ba7-bf9c-45b18079642b" />
  </Results>
  <TestDefinitions>
    <UnitTest name="ParameterNameAnalyzer.Test.ParameterNameAnalyzerTests.NoDiagnosticForExtensionMethodThisParameter" storage="c:\users\zachary.christophers\onedrive\documents\repos\christophers.analyzers.parameternameanalyzer\parameternameanalyzer\parameternameanalyzer.test\bin\debug\net8.0\parameternameanalyzer.test.dll" id="764e4542-1948-a8a6-4db8-f6d502f62eee">
      <Execution id="3211ce3e-d8af-4a1d-9531-999984c3deeb" />
      <TestMethod codeBase="C:\Users\zachary.christophers\OneDrive\Documents\Repos\Christophers.Analyzers.ParameterNameAnalyzer\ParameterNameAnalyzer\ParameterNameAnalyzer.Test\bin\Debug\net8.0\ParameterNameAnalyzer.Test.dll" adapterTypeName="executor://xunit/VsTestRunner2/netcoreapp" className="ParameterNameAnalyzer.Test.ParameterNameAnalyzerTests" name="NoDiagnosticForExtensionMethodThisParameter" />
    </UnitTest>
    <UnitTest name="ParameterNameAnalyzer.Test.ParameterNameAnalyzerTests.DiagnosticForConstructorCallsWithMissingParameterNames" storage="c:\users\zachary.christophers\onedrive\documents\repos\christophers.analyzers.parameternameanalyzer\parameternameanalyzer\parameternameanalyzer.test\bin\debug\net8.0\parameternameanalyzer.test.dll" id="535d6695-15fe-39d3-09ea-0decd3753f5f">
      <Execution id="064df166-2adf-4400-b0cd-c0eb89516352" />
      <TestMethod codeBase="C:\Users\zachary.christophers\OneDrive\Documents\Repos\Christophers.Analyzers.ParameterNameAnalyzer\ParameterNameAnalyzer\ParameterNameAnalyzer.Test\bin\Debug\net8.0\ParameterNameAnalyzer.Test.dll" adapterTypeName="executor://xunit/VsTestRunner2/netcoreapp" className="ParameterNameAnalyzer.Test.ParameterNameAnalyzerTests" name="DiagnosticForConstructorCallsWithMissingParameterNames" />
    </UnitTest>
    <UnitTest name="ParameterNameAnalyzer.Test.ParameterNameAnalyzerTests.DiagnosticRaisedWhenParameterNamesAreMissing" storage="c:\users\zachary.christophers\onedrive\documents\repos\christophers.analyzers.parameternameanalyzer\parameternameanalyzer\parameternameanalyzer.test\bin\debug\net8.0\parameternameanalyzer.test.dll" id="0f7ecd2b-f5ef-cd98-ad71-72e18c65ef76">
      <Execution id="0e38b06f-c6f2-411c-a5a2-a7dcf371da00" />
      <TestMethod codeBase="C:\Users\zachary.christophers\OneDrive\Documents\Repos\Christophers.Analyzers.ParameterNameAnalyzer\ParameterNameAnalyzer\ParameterNameAnalyzer.Test\bin\Debug\net8.0\ParameterNameAnalyzer.Test.dll" adapterTypeName="executor://xunit/VsTestRunner2/netcoreapp" className="ParameterNameAnalyzer.Test.ParameterNameAnalyzerTests" name="DiagnosticRaisedWhenParameterNamesAreMissing" />
    </UnitTest>
    <UnitTest name="ParameterNameAnalyzer.Test.ParameterNameAnalyzerTests.DiagnosticForMultipleArgumentsWithoutParameterNames" storage="c:\users\zachary.christophers\onedrive\documents\repos\christophers.analyzers.parameternameanalyzer\parameternameanalyzer\parameternameanalyzer.test\bin\debug\net8.0\parameternameanalyzer.test.dll" id="9628ad9b-ad21-39d3-03a4-56f30d1a7967">
      <Execution id="d04b8ba4-b795-4d6e-8670-8fd9a6630038" />
      <TestMethod codeBase="C:\Users\zachary.christophers\OneDrive\Documents\Repos\Christophers.Analyzers.ParameterNameAnalyzer\ParameterNameAnalyzer\ParameterNameAnalyzer.Test\bin\Debug\net8.0\ParameterNameAnalyzer.Test.dll" adapterTypeName="executor://xunit/VsTestRunner2/netcoreapp" className="ParameterNameAnalyzer.Test.ParameterNameAnalyzerTests" name="DiagnosticForMultipleArgumentsWithoutParameterNames" />
    </UnitTest>
    <UnitTest name="ParameterNameAnalyzer.Test.ParameterNameAnalyzerTests.NoDiagnosticWhenAllParameterNamesArePresent" storage="c:\users\zachary.christophers\onedrive\documents\repos\christophers.analyzers.parameternameanalyzer\parameternameanalyzer\parameternameanalyzer.test\bin\debug\net8.0\parameternameanalyzer.test.dll" id="d7f8b161-fd9d-73a5-9b9e-37021f6d6505">
      <Execution id="dcafb004-abc7-421d-9c40-4b67e1be3738" />
      <TestMethod codeBase="C:\Users\zachary.christophers\OneDrive\Documents\Repos\Christophers.Analyzers.ParameterNameAnalyzer\ParameterNameAnalyzer\ParameterNameAnalyzer.Test\bin\Debug\net8.0\ParameterNameAnalyzer.Test.dll" adapterTypeName="executor://xunit/VsTestRunner2/netcoreapp" className="ParameterNameAnalyzer.Test.ParameterNameAnalyzerTests" name="NoDiagnosticWhenAllParameterNamesArePresent" />
    </UnitTest>
    <UnitTest name="ParameterNameAnalyzer.Test.ParameterNameAnalyzerTests.DiagnosticForMixedNamedAndPositionalArguments" storage="c:\users\zachary.christophers\onedrive\documents\repos\christophers.analyzers.parameternameanalyzer\parameternameanalyzer\parameternameanalyzer.test\bin\debug\net8.0\parameternameanalyzer.test.dll" id="b49604ff-76f9-1203-42cb-f198d2ae157d">
      <Execution id="d7861e1a-a7a0-4d51-a18e-65f864975e95" />
      <TestMethod codeBase="C:\Users\zachary.christophers\OneDrive\Documents\Repos\Christophers.Analyzers.ParameterNameAnalyzer\ParameterNameAnalyzer\ParameterNameAnalyzer.Test\bin\Debug\net8.0\ParameterNameAnalyzer.Test.dll" adapterTypeName="executor://xunit/VsTestRunner2/netcoreapp" className="ParameterNameAnalyzer.Test.ParameterNameAnalyzerTests" name="DiagnosticForMixedNamedAndPositionalArguments" />
    </UnitTest>
    <UnitTest name="ParameterNameAnalyzer.Test.ParameterNameAnalyzerTests.TestAnalyzerForOverloadedMethods" storage="c:\users\zachary.christophers\onedrive\documents\repos\christophers.analyzers.parameternameanalyzer\parameternameanalyzer\parameternameanalyzer.test\bin\debug\net8.0\parameternameanalyzer.test.dll" id="06e4afab-9c6b-9650-ec87-7bdb70f8f2aa">
      <Execution id="b830477d-60a1-4775-857c-2296954a9dfb" />
      <TestMethod codeBase="C:\Users\zachary.christophers\OneDrive\Documents\Repos\Christophers.Analyzers.ParameterNameAnalyzer\ParameterNameAnalyzer\ParameterNameAnalyzer.Test\bin\Debug\net8.0\ParameterNameAnalyzer.Test.dll" adapterTypeName="executor://xunit/VsTestRunner2/netcoreapp" className="ParameterNameAnalyzer.Test.ParameterNameAnalyzerTests" name="TestAnalyzerForOverloadedMethods" />
    </UnitTest>
    <UnitTest name="ParameterNameAnalyzer.Test.ParameterNameAnalyzerTests.NoDiagnosticWhenDefaultParametersAreUsed" storage="c:\users\zachary.christophers\onedrive\documents\repos\christophers.analyzers.parameternameanalyzer\parameternameanalyzer\parameternameanalyzer.test\bin\debug\net8.0\parameternameanalyzer.test.dll" id="13a9dc4f-4cb4-5aad-87f5-8b090e7c3c07">
      <Execution id="6a6541c5-7c52-49d9-b6b9-6fc233d75bb7" />
      <TestMethod codeBase="C:\Users\zachary.christophers\OneDrive\Documents\Repos\Christophers.Analyzers.ParameterNameAnalyzer\ParameterNameAnalyzer\ParameterNameAnalyzer.Test\bin\Debug\net8.0\ParameterNameAnalyzer.Test.dll" adapterTypeName="executor://xunit/VsTestRunner2/netcoreapp" className="ParameterNameAnalyzer.Test.ParameterNameAnalyzerTests" name="NoDiagnosticWhenDefaultParametersAreUsed" />
    </UnitTest>
    <UnitTest name="ParameterNameAnalyzer.Test.ParameterNameAnalyzerTests.NoDiagnosticForOptionalParameters" storage="c:\users\zachary.christophers\onedrive\documents\repos\christophers.analyzers.parameternameanalyzer\parameternameanalyzer\parameternameanalyzer.test\bin\debug\net8.0\parameternameanalyzer.test.dll" id="f9d4c831-bf50-4816-3b05-5e028fa65c1b">
      <Execution id="97e11e31-a824-48a4-a238-eb3ded6f50d8" />
      <TestMethod codeBase="C:\Users\zachary.christophers\OneDrive\Documents\Repos\Christophers.Analyzers.ParameterNameAnalyzer\ParameterNameAnalyzer\ParameterNameAnalyzer.Test\bin\Debug\net8.0\ParameterNameAnalyzer.Test.dll" adapterTypeName="executor://xunit/VsTestRunner2/netcoreapp" className="ParameterNameAnalyzer.Test.ParameterNameAnalyzerTests" name="NoDiagnosticForOptionalParameters" />
    </UnitTest>
    <UnitTest name="ParameterNameAnalyzer.Test.ParameterNameAnalyzerTests.TestGeneral" storage="c:\users\zachary.christophers\onedrive\documents\repos\christophers.analyzers.parameternameanalyzer\parameternameanalyzer\parameternameanalyzer.test\bin\debug\net8.0\parameternameanalyzer.test.dll" id="cdc95ffb-0500-1932-cb00-e12f8606e294">
      <Execution id="93a7ad5c-9263-4e23-be9b-8ae9cb7260f9" />
      <TestMethod codeBase="C:\Users\zachary.christophers\OneDrive\Documents\Repos\Christophers.Analyzers.ParameterNameAnalyzer\ParameterNameAnalyzer\ParameterNameAnalyzer.Test\bin\Debug\net8.0\ParameterNameAnalyzer.Test.dll" adapterTypeName="executor://xunit/VsTestRunner2/netcoreapp" className="ParameterNameAnalyzer.Test.ParameterNameAnalyzerTests" name="TestGeneral" />
    </UnitTest>
    <UnitTest name="ParameterNameAnalyzer.Test.ParameterNameAnalyzerTests.NoDiagnosticForGenericMethodWithNamedParameters" storage="c:\users\zachary.christophers\onedrive\documents\repos\christophers.analyzers.parameternameanalyzer\parameternameanalyzer\parameternameanalyzer.test\bin\debug\net8.0\parameternameanalyzer.test.dll" id="46170fb5-f51b-3932-3fd9-84052d9f02c0">
      <Execution id="7847f8d5-dda0-459e-9979-ff7c1eec4575" />
      <TestMethod codeBase="C:\Users\zachary.christophers\OneDrive\Documents\Repos\Christophers.Analyzers.ParameterNameAnalyzer\ParameterNameAnalyzer\ParameterNameAnalyzer.Test\bin\Debug\net8.0\ParameterNameAnalyzer.Test.dll" adapterTypeName="executor://xunit/VsTestRunner2/netcoreapp" className="ParameterNameAnalyzer.Test.ParameterNameAnalyzerTests" name="NoDiagnosticForGenericMethodWithNamedParameters" />
    </UnitTest>
    <UnitTest name="ParameterNameAnalyzer.Test.ParameterNameAnalyzerTests.DiagnosticForChainedMethodCallsWithoutParameterNames" storage="c:\users\zachary.christophers\onedrive\documents\repos\christophers.analyzers.parameternameanalyzer\parameternameanalyzer\parameternameanalyzer.test\bin\debug\net8.0\parameternameanalyzer.test.dll" id="cd18f0be-c28e-2df5-e790-6aa645565a52">
      <Execution id="edcbb0bc-4ccf-4ba7-bf9c-45b18079642b" />
      <TestMethod codeBase="C:\Users\zachary.christophers\OneDrive\Documents\Repos\Christophers.Analyzers.ParameterNameAnalyzer\ParameterNameAnalyzer\ParameterNameAnalyzer.Test\bin\Debug\net8.0\ParameterNameAnalyzer.Test.dll" adapterTypeName="executor://xunit/VsTestRunner2/netcoreapp" className="ParameterNameAnalyzer.Test.ParameterNameAnalyzerTests" name="DiagnosticForChainedMethodCallsWithoutParameterNames" />
    </UnitTest>
    <UnitTest name="ParameterNameAnalyzer.Test.ParameterNameAnalyzerTests.NoDiagnosticWhenParameterNamesAreExplicit" storage="c:\users\zachary.christophers\onedrive\documents\repos\christophers.analyzers.parameternameanalyzer\parameternameanalyzer\parameternameanalyzer.test\bin\debug\net8.0\parameternameanalyzer.test.dll" id="74aa2b30-ca40-242a-e82c-a8de35eb70cd">
      <Execution id="2b7f3ea9-5428-4747-b622-1bfbaf6313dc" />
      <TestMethod codeBase="C:\Users\zachary.christophers\OneDrive\Documents\Repos\Christophers.Analyzers.ParameterNameAnalyzer\ParameterNameAnalyzer\ParameterNameAnalyzer.Test\bin\Debug\net8.0\ParameterNameAnalyzer.Test.dll" adapterTypeName="executor://xunit/VsTestRunner2/netcoreapp" className="ParameterNameAnalyzer.Test.ParameterNameAnalyzerTests" name="NoDiagnosticWhenParameterNamesAreExplicit" />
    </UnitTest>
  </TestDefinitions>
  <TestEntries>
    <TestEntry testId="13a9dc4f-4cb4-5aad-87f5-8b090e7c3c07" executionId="6a6541c5-7c52-49d9-b6b9-6fc233d75bb7" testListId="8c84fa94-04c1-424b-9868-57a2d4851a1d" />
    <TestEntry testId="46170fb5-f51b-3932-3fd9-84052d9f02c0" executionId="7847f8d5-dda0-459e-9979-ff7c1eec4575" testListId="8c84fa94-04c1-424b-9868-57a2d4851a1d" />
    <TestEntry testId="06e4afab-9c6b-9650-ec87-7bdb70f8f2aa" executionId="b830477d-60a1-4775-857c-2296954a9dfb" testListId="8c84fa94-04c1-424b-9868-57a2d4851a1d" />
    <TestEntry testId="535d6695-15fe-39d3-09ea-0decd3753f5f" executionId="064df166-2adf-4400-b0cd-c0eb89516352" testListId="8c84fa94-04c1-424b-9868-57a2d4851a1d" />
    <TestEntry testId="0f7ecd2b-f5ef-cd98-ad71-72e18c65ef76" executionId="0e38b06f-c6f2-411c-a5a2-a7dcf371da00" testListId="8c84fa94-04c1-424b-9868-57a2d4851a1d" />
    <TestEntry testId="9628ad9b-ad21-39d3-03a4-56f30d1a7967" executionId="d04b8ba4-b795-4d6e-8670-8fd9a6630038" testListId="8c84fa94-04c1-424b-9868-57a2d4851a1d" />
    <TestEntry testId="74aa2b30-ca40-242a-e82c-a8de35eb70cd" executionId="2b7f3ea9-5428-4747-b622-1bfbaf6313dc" testListId="8c84fa94-04c1-424b-9868-57a2d4851a1d" />
    <TestEntry testId="b49604ff-76f9-1203-42cb-f198d2ae157d" executionId="d7861e1a-a7a0-4d51-a18e-65f864975e95" testListId="8c84fa94-04c1-424b-9868-57a2d4851a1d" />
    <TestEntry testId="f9d4c831-bf50-4816-3b05-5e028fa65c1b" executionId="97e11e31-a824-48a4-a238-eb3ded6f50d8" testListId="8c84fa94-04c1-424b-9868-57a2d4851a1d" />
    <TestEntry testId="cdc95ffb-0500-1932-cb00-e12f8606e294" executionId="93a7ad5c-9263-4e23-be9b-8ae9cb7260f9" testListId="8c84fa94-04c1-424b-9868-57a2d4851a1d" />
    <TestEntry testId="d7f8b161-fd9d-73a5-9b9e-37021f6d6505" executionId="dcafb004-abc7-421d-9c40-4b67e1be3738" testListId="8c84fa94-04c1-424b-9868-57a2d4851a1d" />
    <TestEntry testId="764e4542-1948-a8a6-4db8-f6d502f62eee" executionId="3211ce3e-d8af-4a1d-9531-999984c3deeb" testListId="8c84fa94-04c1-424b-9868-57a2d4851a1d" />
    <TestEntry testId="cd18f0be-c28e-2df5-e790-6aa645565a52" executionId="edcbb0bc-4ccf-4ba7-bf9c-45b18079642b" testListId="8c84fa94-04c1-424b-9868-57a2d4851a1d" />
  </TestEntries>
  <TestLists>
    <TestList name="Results Not in a List" id="8c84fa94-04c1-424b-9868-57a2d4851a1d" />
    <TestList name="All Loaded Results" id="19431567-8539-422a-85d7-44ee4e166bda" />
  </TestLists>
  <ResultSummary outcome="Completed">
    <Counters total="13" executed="13" passed="13" failed="0" error="0" timeout="0" aborted="0" inconclusive="0" passedButRunAborted="0" notRunnable="0" notExecuted="0" disconnected="0" warning="0" completed="0" inProgress="0" pending="0" />
    <Output>
      <StdOut>[xUnit.net 00:00:00.00] xUnit.net VSTest Adapter v2.8.2+699d445a1a (64-bit .NET 8.0.10)&#xD;
[xUnit.net 00:00:00.89]   Discovering: ParameterNameAnalyzer.Test&#xD;
[xUnit.net 00:00:01.01]   Discovered:  ParameterNameAnalyzer.Test&#xD;
[xUnit.net 00:00:01.02]   Starting:    ParameterNameAnalyzer.Test&#xD;
[xUnit.net 00:00:08.34]   Finished:    ParameterNameAnalyzer.Test&#xD;
</StdOut>
    </Output>
  </ResultSummary>
</TestRun>